\BOOKMARK [1][-]{section*.1}{\376\377\000K\000u\000r\000z\000f\000a\000s\000s\000u\000n\000g\000\040\000\050\000D\000e\000u\000t\000s\000c\000h\000\051}{}% 1
\BOOKMARK [1][-]{section*.2}{\376\377\000A\000b\000s\000t\000r\000a\000c\000t\000\040\000\050\000E\000n\000g\000l\000i\000s\000h\000\051}{}% 2
\BOOKMARK [1][-]{section*.4}{\376\377\000A\000b\000b\000i\000l\000d\000u\000n\000g\000s\000v\000e\000r\000z\000e\000i\000c\000h\000n\000i\000s}{}% 3
\BOOKMARK [1][-]{section*.5}{\376\377\000T\000a\000b\000e\000l\000l\000e\000n\000v\000e\000r\000z\000e\000i\000c\000h\000n\000i\000s}{}% 4
\BOOKMARK [1][-]{section*.6}{\376\377\000A\000b\000k\000\374\000r\000z\000u\000n\000g\000s\000v\000e\000r\000z\000e\000i\000c\000h\000n\000i\000s}{}% 5
\BOOKMARK [1][-]{section.1}{\376\377\000E\000i\000n\000l\000e\000i\000t\000u\000n\000g}{}% 6
\BOOKMARK [2][-]{subsection.1.1}{\376\377\000M\000o\000t\000i\000v\000a\000t\000i\000o\000n\000\040\000u\000n\000d\000\040\000R\000e\000l\000e\000v\000a\000n\000z}{section.1}% 7
\BOOKMARK [2][-]{subsection.1.2}{\376\377\000Z\000i\000e\000l\000s\000e\000t\000z\000u\000n\000g\000\040\000u\000n\000d\000\040\000A\000b\000g\000r\000e\000n\000z\000u\000n\000g}{section.1}% 8
\BOOKMARK [2][-]{subsection.1.3}{\376\377\000F\000o\000r\000s\000c\000h\000u\000n\000g\000s\000f\000r\000a\000g\000e\000n\000\040\000u\000n\000d\000\040\000A\000u\000f\000b\000a\000u}{section.1}% 9
\BOOKMARK [1][-]{section.2}{\376\377\000M\000e\000t\000h\000o\000d\000i\000k}{}% 10
\BOOKMARK [2][-]{subsection.2.1}{\376\377\000D\000e\000s\000i\000g\000n\000-\000S\000c\000i\000e\000n\000c\000e\000-\000A\000n\000s\000a\000t\000z}{section.2}% 11
\BOOKMARK [2][-]{subsection.2.2}{\376\377\000E\000r\000h\000e\000b\000u\000n\000g\000\040\000d\000e\000s\000\040\000I\000S\000T\000-\000P\000r\000o\000z\000e\000s\000s\000e\000s\000\040\000d\000u\000r\000c\000h\000\040\000E\000x\000p\000e\000r\000t\000e\000n\000i\000n\000t\000e\000r\000v\000i\000e\000w}{section.2}% 12
\BOOKMARK [2][-]{subsection.2.3}{\376\377\000B\000e\000w\000e\000r\000t\000u\000n\000g\000s\000m\000e\000t\000h\000o\000d\000i\000k\000:\000\040\000K\000r\000i\000t\000e\000r\000i\000e\000n\000l\000i\000s\000t\000e\000\040\000u\000n\000d\000\040\000N\000u\000t\000z\000w\000e\000r\000t\000a\000n\000a\000l\000y\000s\000e}{section.2}% 13
\BOOKMARK [1][-]{section.3}{\376\377\000T\000h\000e\000o\000r\000e\000t\000i\000s\000c\000h\000e\000\040\000G\000r\000u\000n\000d\000l\000a\000g\000e\000n}{}% 14
\BOOKMARK [2][-]{subsection.3.1}{\376\377\000L\000o\000w\000-\000C\000o\000d\000e\000\040\000u\000n\000d\000\040\000W\000o\000r\000k\000f\000l\000o\000w\000-\000S\000y\000s\000t\000e\000m\000e\000\040\000\050\000B\000P\000M\000/\000B\000P\000A\000\051}{section.3}% 15
\BOOKMARK [2][-]{subsection.3.2}{\376\377\000K\000r\000i\000t\000e\000r\000i\000e\000n\000\040\000f\000\374\000r\000\040\000a\000u\000t\000o\000m\000a\000t\000i\000o\000n\000s\000g\000e\000e\000i\000g\000n\000e\000t\000e\000\040\000P\000r\000o\000z\000e\000s\000s\000e}{section.3}% 16
\BOOKMARK [2][-]{subsection.3.3}{\376\377\000n\0008\000n\000:\000\040\000A\000r\000c\000h\000i\000t\000e\000k\000t\000u\000r\000\040\000u\000n\000d\000\040\000E\000i\000n\000s\000a\000t\000z\000g\000e\000b\000i\000e\000t\000e}{section.3}% 17
\BOOKMARK [2][-]{subsection.3.4}{\376\377\000Z\000a\000p\000i\000e\000r\000\040\000a\000l\000s\000\040\000p\000r\000o\000p\000r\000i\000e\000t\000\344\000r\000e\000\040\000V\000e\000r\000g\000l\000e\000i\000c\000h\000s\000l\000\366\000s\000u\000n\000g}{section.3}% 18
\BOOKMARK [2][-]{subsection.3.5}{\376\377\000B\000e\000w\000e\000r\000t\000u\000n\000g\000s\000-\000\040\000u\000n\000d\000\040\000V\000e\000r\000g\000l\000e\000i\000c\000h\000s\000k\000r\000i\000t\000e\000r\000i\000e\000n}{section.3}% 19
\BOOKMARK [1][-]{section.4}{\376\377\000A\000n\000a\000l\000y\000s\000e\000\040\000d\000e\000s\000\040\000P\000r\000a\000x\000i\000s\000f\000a\000l\000l\000s}{}% 20
\BOOKMARK [2][-]{subsection.4.1}{\376\377\000U\000n\000t\000e\000r\000n\000e\000h\000m\000e\000n\000s\000k\000o\000n\000t\000e\000x\000t}{section.4}% 21
\BOOKMARK [2][-]{subsection.4.2}{\376\377\000P\000r\000o\000z\000e\000s\000s\000a\000b\000g\000r\000e\000n\000z\000u\000n\000g\000\040\000u\000n\000d\000\040\000B\000e\000g\000r\000\374\000n\000d\000u\000n\000g}{section.4}% 22
\BOOKMARK [2][-]{subsection.4.3}{\376\377\000E\000r\000h\000e\000b\000u\000n\000g\000,\000\040\000D\000o\000k\000u\000m\000e\000n\000t\000a\000t\000i\000o\000n\000\040\000u\000n\000d\000\040\000B\000P\000M\000N\000-\000M\000o\000d\000e\000l\000l\000i\000e\000r\000u\000n\000g\000\040\000d\000e\000s\000\040\000I\000S\000T\000-\000P\000r\000o\000z\000e\000s\000s\000e\000s}{section.4}% 23
\BOOKMARK [2][-]{subsection.4.4}{\376\377\000S\000c\000h\000w\000a\000c\000h\000s\000t\000e\000l\000l\000e\000n\000\040\000u\000n\000d\000\040\000A\000n\000f\000o\000r\000d\000e\000r\000u\000n\000g\000e\000n\000\040\000a\000n\000\040\000d\000e\000n\000\040\000S\000o\000l\000l\000-\000P\000r\000o\000z\000e\000s\000s}{section.4}% 24
\BOOKMARK [1][-]{section.5}{\376\377\000K\000o\000n\000z\000e\000p\000t}{}% 25
\BOOKMARK [2][-]{subsection.5.1}{\376\377\000B\000P\000M\000N\000\040\000S\000o\000l\000l\000-\000M\000o\000d\000e\000l\000l}{section.5}% 26
\BOOKMARK [2][-]{subsection.5.2}{\376\377\000L\000\366\000s\000u\000n\000g\000s\000a\000r\000c\000h\000i\000t\000e\000k\000t\000u\000r\000\040\000i\000n\000\040\000n\0008\000n}{section.5}% 27
\BOOKMARK [2][-]{subsection.5.3}{\376\377\000A\000b\000g\000r\000e\000n\000z\000u\000n\000g\000\040\000z\000u\000r\000\040\000Z\000a\000p\000i\000e\000r\000-\000U\000m\000s\000e\000t\000z\000u\000n\000g}{section.5}% 28
\BOOKMARK [1][-]{section.6}{\376\377\000U\000m\000s\000e\000t\000z\000u\000n\000g}{}% 29
\BOOKMARK [2][-]{subsection.6.1}{\376\377\000T\000e\000c\000h\000n\000i\000s\000c\000h\000e\000s\000\040\000S\000e\000t\000u\000p}{section.6}% 30
\BOOKMARK [2][-]{subsection.6.2}{\376\377\000P\000r\000o\000t\000o\000t\000y\000p\000i\000s\000c\000h\000e\000\040\000U\000m\000s\000e\000t\000z\000u\000n\000g\000\040\000i\000n\000\040\000n\0008\000n}{section.6}% 31
\BOOKMARK [2][-]{subsection.6.3}{\376\377\000T\000e\000s\000t\000s\000\040\000u\000n\000d\000\040\000F\000e\000h\000l\000e\000r\000b\000e\000h\000a\000n\000d\000l\000u\000n\000g}{section.6}% 32
\BOOKMARK [1][-]{section.7}{\376\377\000E\000v\000a\000l\000u\000a\000t\000i\000o\000n}{}% 33
\BOOKMARK [2][-]{subsection.7.1}{\376\377\000E\000v\000a\000l\000u\000a\000t\000i\000o\000n\000s\000d\000e\000s\000i\000g\000n}{section.7}% 34
\BOOKMARK [2][-]{subsection.7.2}{\376\377\000E\000r\000g\000e\000b\000n\000i\000s\000s\000e\000\040\000d\000e\000r\000\040\000B\000e\000w\000e\000r\000t\000u\000n\000g\000s\000k\000r\000i\000t\000e\000r\000i\000e\000n}{section.7}% 35
\BOOKMARK [2][-]{subsection.7.3}{\376\377\000N\000u\000t\000z\000w\000e\000r\000t\000a\000n\000a\000l\000y\000s\000e\000:\000\040\000V\000e\000r\000g\000l\000e\000i\000c\000h\000\040\000n\0008\000n\000\040\000u\000n\000d\000\040\000Z\000a\000p\000i\000e\000r}{section.7}% 36
\BOOKMARK [2][-]{subsection.7.4}{\376\377\000D\000i\000s\000k\000u\000s\000s\000i\000o\000n\000:\000\040\000G\000r\000e\000n\000z\000e\000n\000,\000\040\000R\000i\000s\000i\000k\000e\000n\000\040\000u\000n\000d\000\040\000\334\000b\000e\000r\000t\000r\000a\000g\000b\000a\000r\000k\000e\000i\000t}{section.7}% 37
\BOOKMARK [1][-]{section.8}{\376\377\000F\000a\000z\000i\000t\000\040\000u\000n\000d\000\040\000A\000u\000s\000b\000l\000i\000c\000k}{}% 38
\BOOKMARK [2][-]{subsection.8.1}{\376\377\000B\000e\000a\000n\000t\000w\000o\000r\000t\000u\000n\000g\000\040\000d\000e\000r\000\040\000F\000o\000r\000s\000c\000h\000u\000n\000g\000s\000f\000r\000a\000g\000e\000n}{section.8}% 39
\BOOKMARK [2][-]{subsection.8.2}{\376\377\000H\000a\000n\000d\000l\000u\000n\000g\000s\000h\000i\000n\000w\000e\000i\000s\000e\000\040\000f\000\374\000r\000\040\000K\000K\000U}{section.8}% 40
\BOOKMARK [2][-]{subsection.8.3}{\376\377\000A\000u\000s\000b\000l\000i\000c\000k}{section.8}% 41
\BOOKMARK [1][-]{section*.7}{\376\377\000L\000i\000t\000e\000r\000a\000t\000u\000r\000v\000e\000r\000z\000e\000i\000c\000h\000n\000i\000s}{}% 42
\BOOKMARK [1][-]{appendix.A}{\376\377\000A\000n\000h\000a\000n\000g}{}% 43
\BOOKMARK [1][-]{section*.8}{\376\377\000E\000i\000d\000e\000s\000s\000t\000a\000t\000t\000l\000i\000c\000h\000e\000\040\000E\000r\000k\000l\000\344\000r\000u\000n\000g}{}% 44
